2015/10/21 20:51:29 [error] [exception.CHttpException.404] exception 'CHttpException' with message 'Unable to resolve the request "event.php".' in C:\wamp\apps\yii\web\CWebApplication.php:286
Stack trace:
#0 C:\wamp\apps\yii\web\CWebApplication.php(141): CWebApplication->runController('event.php')
#1 C:\wamp\apps\yii\base\CApplication.php(169): CWebApplication->processRequest()
#2 C:\wamp\www\emergency\index.php(13): CApplication->run()
#3 {main}
REQUEST_URI=/emergency/index.php/event.php
---
2015/10/25 17:07:55 [error] [exception.CHttpException.404] exception 'CHttpException' with message 'Unable to resolve the request "gallery".' in C:\wamp\apps\yii\web\CWebApplication.php:286
Stack trace:
#0 C:\wamp\apps\yii\web\CWebApplication.php(141): CWebApplication->runController('gallery')
#1 C:\wamp\apps\yii\base\CApplication.php(169): CWebApplication->processRequest()
#2 C:\wamp\www\emergency\index.php(13): CApplication->run()
#3 {main}
REQUEST_URI=/emergency/index.php/gallery
---
2015/10/28 16:52:14 [error] [exception.CException] exception 'CException' with message 'Property "CWebUser.bootstrap" is not defined.' in C:\wamp\apps\yii\base\CComponent.php:173
Stack trace:
#0 C:\wamp\apps\yii\web\auth\CWebUser.php(154): CComponent->__set('bootstrap', Array)
#1 C:\wamp\apps\yii\YiiBase.php(220): CWebUser->__set('bootstrap', Array)
#2 C:\wamp\apps\yii\base\CModule.php(386): YiiBase::createComponent(Array)
#3 C:\wamp\apps\yii\base\CModule.php(103): CModule->getComponent('user')
#4 C:\wamp\www\emergency_response\protected\views\layouts\main.php(35): CModule->__get('user')
#5 C:\wamp\apps\yii\web\CBaseController.php(126): require('C:\\wamp\\www\\eme...')
#6 C:\wamp\apps\yii\web\CBaseController.php(95): CBaseController->renderInternal('C:\\wamp\\www\\eme...', Array, true)
#7 C:\wamp\apps\yii\web\widgets\CContentDecorator.php(76): CBaseController->renderFile('C:\\wamp\\www\\eme...', Array, true)
#8 C:\wamp\apps\yii\web\widgets\CContentDecorator.php(54): CContentDecorator->decorate('<div id="conten...')
#9 C:\wamp\apps\yii\web\widgets\COutputProcessor.php(44): CContentDecorator->processOutput('<div id="conten...')
#10 C:\wamp\apps\yii\web\CBaseController.php(206): COutputProcessor->run()
#11 C:\wamp\apps\yii\web\CBaseController.php(300): CBaseController->endWidget('CContentDecorat...')
#12 C:\wamp\www\emergency_response\protected\views\layouts\column1.php(6): CBaseController->endContent()
#13 C:\wamp\apps\yii\web\CBaseController.php(126): require('C:\\wamp\\www\\eme...')
#14 C:\wamp\apps\yii\web\CBaseController.php(95): CBaseController->renderInternal('C:\\wamp\\www\\eme...', Array, true)
#15 C:\wamp\apps\yii\web\CController.php(784): CBaseController->renderFile('C:\\wamp\\www\\eme...', Array, true)
#16 C:\wamp\www\emergency_response\protected\controllers\SiteController.php(32): CController->render('index')
#17 C:\wamp\apps\yii\web\actions\CInlineAction.php(49): SiteController->actionIndex()
#18 C:\wamp\apps\yii\web\CController.php(308): CInlineAction->runWithParams(Array)
#19 C:\wamp\apps\yii\web\CController.php(286): CController->runAction(Object(CInlineAction))
#20 C:\wamp\apps\yii\web\CController.php(265): CController->runActionWithFilters(Object(CInlineAction), Array)
#21 C:\wamp\apps\yii\web\CWebApplication.php(282): CController->run('')
#22 C:\wamp\apps\yii\web\CWebApplication.php(141): CWebApplication->runController('')
#23 C:\wamp\apps\yii\base\CApplication.php(169): CWebApplication->processRequest()
#24 C:\wamp\www\emergency_response\index.php(13): CApplication->run()
#25 {main}
REQUEST_URI=/emergency_response/index.php
---
2015/10/28 16:55:46 [error] [exception.CException] exception 'CException' with message 'Property "CWebUser.bootstrap" is not defined.' in C:\wamp\apps\yii\base\CComponent.php:173
Stack trace:
#0 C:\wamp\apps\yii\web\auth\CWebUser.php(154): CComponent->__set('bootstrap', Array)
#1 C:\wamp\apps\yii\YiiBase.php(220): CWebUser->__set('bootstrap', Array)
#2 C:\wamp\apps\yii\base\CModule.php(386): YiiBase::createComponent(Array)
#3 C:\wamp\apps\yii\base\CModule.php(103): CModule->getComponent('user')
#4 C:\wamp\www\emergency_response\protected\views\layouts\main.php(35): CModule->__get('user')
#5 C:\wamp\apps\yii\web\CBaseController.php(126): require('C:\\wamp\\www\\eme...')
#6 C:\wamp\apps\yii\web\CBaseController.php(95): CBaseController->renderInternal('C:\\wamp\\www\\eme...', Array, true)
#7 C:\wamp\apps\yii\web\widgets\CContentDecorator.php(76): CBaseController->renderFile('C:\\wamp\\www\\eme...', Array, true)
#8 C:\wamp\apps\yii\web\widgets\CContentDecorator.php(54): CContentDecorator->decorate('<div id="conten...')
#9 C:\wamp\apps\yii\web\widgets\COutputProcessor.php(44): CContentDecorator->processOutput('<div id="conten...')
#10 C:\wamp\apps\yii\web\CBaseController.php(206): COutputProcessor->run()
#11 C:\wamp\apps\yii\web\CBaseController.php(300): CBaseController->endWidget('CContentDecorat...')
#12 C:\wamp\www\emergency_response\protected\views\layouts\column1.php(6): CBaseController->endContent()
#13 C:\wamp\apps\yii\web\CBaseController.php(126): require('C:\\wamp\\www\\eme...')
#14 C:\wamp\apps\yii\web\CBaseController.php(95): CBaseController->renderInternal('C:\\wamp\\www\\eme...', Array, true)
#15 C:\wamp\apps\yii\web\CController.php(784): CBaseController->renderFile('C:\\wamp\\www\\eme...', Array, true)
#16 C:\wamp\www\emergency_response\protected\controllers\SiteController.php(98): CController->render('login', Array)
#17 C:\wamp\apps\yii\web\actions\CInlineAction.php(49): SiteController->actionLogin()
#18 C:\wamp\apps\yii\web\CController.php(308): CInlineAction->runWithParams(Array)
#19 C:\wamp\apps\yii\web\CController.php(286): CController->runAction(Object(CInlineAction))
#20 C:\wamp\apps\yii\web\CController.php(265): CController->runActionWithFilters(Object(CInlineAction), Array)
#21 C:\wamp\apps\yii\web\CWebApplication.php(282): CController->run('login')
#22 C:\wamp\apps\yii\web\CWebApplication.php(141): CWebApplication->runController('site/login')
#23 C:\wamp\apps\yii\base\CApplication.php(169): CWebApplication->processRequest()
#24 C:\wamp\www\emergency_response\index.php(13): CApplication->run()
#25 {main}
REQUEST_URI=/emergency_response/index.php/site/login
HTTP_REFERER=http://localhost/emergency_response/index.php/site/contact
---
2015/10/28 16:55:47 [error] [exception.CException] exception 'CException' with message 'Property "CWebUser.bootstrap" is not defined.' in C:\wamp\apps\yii\base\CComponent.php:173
Stack trace:
#0 C:\wamp\apps\yii\web\auth\CWebUser.php(154): CComponent->__set('bootstrap', Array)
#1 C:\wamp\apps\yii\YiiBase.php(220): CWebUser->__set('bootstrap', Array)
#2 C:\wamp\apps\yii\base\CModule.php(386): YiiBase::createComponent(Array)
#3 C:\wamp\apps\yii\base\CModule.php(103): CModule->getComponent('user')
#4 C:\wamp\www\emergency_response\protected\views\layouts\main.php(35): CModule->__get('user')
#5 C:\wamp\apps\yii\web\CBaseController.php(126): require('C:\\wamp\\www\\eme...')
#6 C:\wamp\apps\yii\web\CBaseController.php(95): CBaseController->renderInternal('C:\\wamp\\www\\eme...', Array, true)
#7 C:\wamp\apps\yii\web\widgets\CContentDecorator.php(76): CBaseController->renderFile('C:\\wamp\\www\\eme...', Array, true)
#8 C:\wamp\apps\yii\web\widgets\CContentDecorator.php(54): CContentDecorator->decorate('<div id="conten...')
#9 C:\wamp\apps\yii\web\widgets\COutputProcessor.php(44): CContentDecorator->processOutput('<div id="conten...')
#10 C:\wamp\apps\yii\web\CBaseController.php(206): COutputProcessor->run()
#11 C:\wamp\apps\yii\web\CBaseController.php(300): CBaseController->endWidget('CContentDecorat...')
#12 C:\wamp\www\emergency_response\protected\views\layouts\column1.php(6): CBaseController->endContent()
#13 C:\wamp\apps\yii\web\CBaseController.php(126): require('C:\\wamp\\www\\eme...')
#14 C:\wamp\apps\yii\web\CBaseController.php(95): CBaseController->renderInternal('C:\\wamp\\www\\eme...', Array, true)
#15 C:\wamp\apps\yii\web\CController.php(784): CBaseController->renderFile('C:\\wamp\\www\\eme...', Array, true)
#16 C:\wamp\www\emergency_response\protected\controllers\SiteController.php(98): CController->render('login', Array)
#17 C:\wamp\apps\yii\web\actions\CInlineAction.php(49): SiteController->actionLogin()
#18 C:\wamp\apps\yii\web\CController.php(308): CInlineAction->runWithParams(Array)
#19 C:\wamp\apps\yii\web\CController.php(286): CController->runAction(Object(CInlineAction))
#20 C:\wamp\apps\yii\web\CController.php(265): CController->runActionWithFilters(Object(CInlineAction), Array)
#21 C:\wamp\apps\yii\web\CWebApplication.php(282): CController->run('login')
#22 C:\wamp\apps\yii\web\CWebApplication.php(141): CWebApplication->runController('site/login')
#23 C:\wamp\apps\yii\base\CApplication.php(169): CWebApplication->processRequest()
#24 C:\wamp\www\emergency_response\index.php(13): CApplication->run()
#25 {main}
REQUEST_URI=/emergency_response/index.php/site/login
HTTP_REFERER=http://localhost/emergency_response/index.php/site/contact
---
2015/10/28 16:55:48 [error] [exception.CException] exception 'CException' with message 'Property "CWebUser.bootstrap" is not defined.' in C:\wamp\apps\yii\base\CComponent.php:173
Stack trace:
#0 C:\wamp\apps\yii\web\auth\CWebUser.php(154): CComponent->__set('bootstrap', Array)
#1 C:\wamp\apps\yii\YiiBase.php(220): CWebUser->__set('bootstrap', Array)
#2 C:\wamp\apps\yii\base\CModule.php(386): YiiBase::createComponent(Array)
#3 C:\wamp\apps\yii\base\CModule.php(103): CModule->getComponent('user')
#4 C:\wamp\www\emergency_response\protected\views\layouts\main.php(35): CModule->__get('user')
#5 C:\wamp\apps\yii\web\CBaseController.php(126): require('C:\\wamp\\www\\eme...')
#6 C:\wamp\apps\yii\web\CBaseController.php(95): CBaseController->renderInternal('C:\\wamp\\www\\eme...', Array, true)
#7 C:\wamp\apps\yii\web\widgets\CContentDecorator.php(76): CBaseController->renderFile('C:\\wamp\\www\\eme...', Array, true)
#8 C:\wamp\apps\yii\web\widgets\CContentDecorator.php(54): CContentDecorator->decorate('<div id="conten...')
#9 C:\wamp\apps\yii\web\widgets\COutputProcessor.php(44): CContentDecorator->processOutput('<div id="conten...')
#10 C:\wamp\apps\yii\web\CBaseController.php(206): COutputProcessor->run()
#11 C:\wamp\apps\yii\web\CBaseController.php(300): CBaseController->endWidget('CContentDecorat...')
#12 C:\wamp\www\emergency_response\protected\views\layouts\column1.php(6): CBaseController->endContent()
#13 C:\wamp\apps\yii\web\CBaseController.php(126): require('C:\\wamp\\www\\eme...')
#14 C:\wamp\apps\yii\web\CBaseController.php(95): CBaseController->renderInternal('C:\\wamp\\www\\eme...', Array, true)
#15 C:\wamp\apps\yii\web\CController.php(784): CBaseController->renderFile('C:\\wamp\\www\\eme...', Array, true)
#16 C:\wamp\www\emergency_response\protected\controllers\SiteController.php(98): CController->render('login', Array)
#17 C:\wamp\apps\yii\web\actions\CInlineAction.php(49): SiteController->actionLogin()
#18 C:\wamp\apps\yii\web\CController.php(308): CInlineAction->runWithParams(Array)
#19 C:\wamp\apps\yii\web\CController.php(286): CController->runAction(Object(CInlineAction))
#20 C:\wamp\apps\yii\web\CController.php(265): CController->runActionWithFilters(Object(CInlineAction), Array)
#21 C:\wamp\apps\yii\web\CWebApplication.php(282): CController->run('login')
#22 C:\wamp\apps\yii\web\CWebApplication.php(141): CWebApplication->runController('site/login')
#23 C:\wamp\apps\yii\base\CApplication.php(169): CWebApplication->processRequest()
#24 C:\wamp\www\emergency_response\index.php(13): CApplication->run()
#25 {main}
REQUEST_URI=/emergency_response/index.php/site/login
HTTP_REFERER=http://localhost/emergency_response/index.php/site/contact
---
2015/10/28 16:55:53 [error] [exception.CException] exception 'CException' with message 'Property "CWebUser.bootstrap" is not defined.' in C:\wamp\apps\yii\base\CComponent.php:173
Stack trace:
#0 C:\wamp\apps\yii\web\auth\CWebUser.php(154): CComponent->__set('bootstrap', Array)
#1 C:\wamp\apps\yii\YiiBase.php(220): CWebUser->__set('bootstrap', Array)
#2 C:\wamp\apps\yii\base\CModule.php(386): YiiBase::createComponent(Array)
#3 C:\wamp\apps\yii\base\CModule.php(103): CModule->getComponent('user')
#4 C:\wamp\www\emergency_response\protected\views\layouts\main.php(35): CModule->__get('user')
#5 C:\wamp\apps\yii\web\CBaseController.php(126): require('C:\\wamp\\www\\eme...')
#6 C:\wamp\apps\yii\web\CBaseController.php(95): CBaseController->renderInternal('C:\\wamp\\www\\eme...', Array, true)
#7 C:\wamp\apps\yii\web\widgets\CContentDecorator.php(76): CBaseController->renderFile('C:\\wamp\\www\\eme...', Array, true)
#8 C:\wamp\apps\yii\web\widgets\CContentDecorator.php(54): CContentDecorator->decorate('<div id="conten...')
#9 C:\wamp\apps\yii\web\widgets\COutputProcessor.php(44): CContentDecorator->processOutput('<div id="conten...')
#10 C:\wamp\apps\yii\web\CBaseController.php(206): COutputProcessor->run()
#11 C:\wamp\apps\yii\web\CBaseController.php(300): CBaseController->endWidget('CContentDecorat...')
#12 C:\wamp\www\emergency_response\protected\views\layouts\column1.php(6): CBaseController->endContent()
#13 C:\wamp\apps\yii\web\CBaseController.php(126): require('C:\\wamp\\www\\eme...')
#14 C:\wamp\apps\yii\web\CBaseController.php(95): CBaseController->renderInternal('C:\\wamp\\www\\eme...', Array, true)
#15 C:\wamp\apps\yii\web\CController.php(784): CBaseController->renderFile('C:\\wamp\\www\\eme...', Array, true)
#16 C:\wamp\www\emergency_response\protected\controllers\SiteController.php(32): CController->render('index')
#17 C:\wamp\apps\yii\web\actions\CInlineAction.php(49): SiteController->actionIndex()
#18 C:\wamp\apps\yii\web\CController.php(308): CInlineAction->runWithParams(Array)
#19 C:\wamp\apps\yii\web\CController.php(286): CController->runAction(Object(CInlineAction))
#20 C:\wamp\apps\yii\web\CController.php(265): CController->runActionWithFilters(Object(CInlineAction), Array)
#21 C:\wamp\apps\yii\web\CWebApplication.php(282): CController->run('')
#22 C:\wamp\apps\yii\web\CWebApplication.php(141): CWebApplication->runController('')
#23 C:\wamp\apps\yii\base\CApplication.php(169): CWebApplication->processRequest()
#24 C:\wamp\www\emergency_response\index.php(13): CApplication->run()
#25 {main}
REQUEST_URI=/emergency_response/index.php
---
2015/10/28 17:02:14 [error] [exception.CException] exception 'CException' with message 'Property "CWebUser.bootstrap" is not defined.' in C:\wamp\apps\yii\base\CComponent.php:173
Stack trace:
#0 C:\wamp\apps\yii\web\auth\CWebUser.php(154): CComponent->__set('bootstrap', Array)
#1 C:\wamp\apps\yii\YiiBase.php(220): CWebUser->__set('bootstrap', Array)
#2 C:\wamp\apps\yii\base\CModule.php(386): YiiBase::createComponent(Array)
#3 C:\wamp\apps\yii\base\CModule.php(103): CModule->getComponent('user')
#4 C:\wamp\www\emergency_response\protected\views\layouts\main.php(35): CModule->__get('user')
#5 C:\wamp\apps\yii\web\CBaseController.php(126): require('C:\\wamp\\www\\eme...')
#6 C:\wamp\apps\yii\web\CBaseController.php(95): CBaseController->renderInternal('C:\\wamp\\www\\eme...', Array, true)
#7 C:\wamp\apps\yii\web\widgets\CContentDecorator.php(76): CBaseController->renderFile('C:\\wamp\\www\\eme...', Array, true)
#8 C:\wamp\apps\yii\web\widgets\CContentDecorator.php(54): CContentDecorator->decorate('<div id="conten...')
#9 C:\wamp\apps\yii\web\widgets\COutputProcessor.php(44): CContentDecorator->processOutput('<div id="conten...')
#10 C:\wamp\apps\yii\web\CBaseController.php(206): COutputProcessor->run()
#11 C:\wamp\apps\yii\web\CBaseController.php(300): CBaseController->endWidget('CContentDecorat...')
#12 C:\wamp\www\emergency_response\protected\views\layouts\column1.php(6): CBaseController->endContent()
#13 C:\wamp\apps\yii\web\CBaseController.php(126): require('C:\\wamp\\www\\eme...')
#14 C:\wamp\apps\yii\web\CBaseController.php(95): CBaseController->renderInternal('C:\\wamp\\www\\eme...', Array, true)
#15 C:\wamp\apps\yii\web\CController.php(784): CBaseController->renderFile('C:\\wamp\\www\\eme...', Array, true)
#16 C:\wamp\www\emergency_response\protected\controllers\SiteController.php(32): CController->render('index')
#17 C:\wamp\apps\yii\web\actions\CInlineAction.php(49): SiteController->actionIndex()
#18 C:\wamp\apps\yii\web\CController.php(308): CInlineAction->runWithParams(Array)
#19 C:\wamp\apps\yii\web\CController.php(286): CController->runAction(Object(CInlineAction))
#20 C:\wamp\apps\yii\web\CController.php(265): CController->runActionWithFilters(Object(CInlineAction), Array)
#21 C:\wamp\apps\yii\web\CWebApplication.php(282): CController->run('')
#22 C:\wamp\apps\yii\web\CWebApplication.php(141): CWebApplication->runController('')
#23 C:\wamp\apps\yii\base\CApplication.php(169): CWebApplication->processRequest()
#24 C:\wamp\www\emergency_response\index.php(13): CApplication->run()
#25 {main}
REQUEST_URI=/emergency_response/index.php
---
2015/10/28 17:03:05 [error] [exception.CException] exception 'CException' with message 'Property "CWebUser.bootstrap" is not defined.' in C:\wamp\apps\yii\base\CComponent.php:173
Stack trace:
#0 C:\wamp\apps\yii\web\auth\CWebUser.php(154): CComponent->__set('bootstrap', Array)
#1 C:\wamp\apps\yii\YiiBase.php(220): CWebUser->__set('bootstrap', Array)
#2 C:\wamp\apps\yii\base\CModule.php(386): YiiBase::createComponent(Array)
#3 C:\wamp\apps\yii\base\CModule.php(103): CModule->getComponent('user')
#4 C:\wamp\www\emergency_response\protected\views\layouts\main.php(35): CModule->__get('user')
#5 C:\wamp\apps\yii\web\CBaseController.php(126): require('C:\\wamp\\www\\eme...')
#6 C:\wamp\apps\yii\web\CBaseController.php(95): CBaseController->renderInternal('C:\\wamp\\www\\eme...', Array, true)
#7 C:\wamp\apps\yii\web\widgets\CContentDecorator.php(76): CBaseController->renderFile('C:\\wamp\\www\\eme...', Array, true)
#8 C:\wamp\apps\yii\web\widgets\CContentDecorator.php(54): CContentDecorator->decorate('<div id="conten...')
#9 C:\wamp\apps\yii\web\widgets\COutputProcessor.php(44): CContentDecorator->processOutput('<div id="conten...')
#10 C:\wamp\apps\yii\web\CBaseController.php(206): COutputProcessor->run()
#11 C:\wamp\apps\yii\web\CBaseController.php(300): CBaseController->endWidget('CContentDecorat...')
#12 C:\wamp\www\emergency_response\protected\views\layouts\column1.php(6): CBaseController->endContent()
#13 C:\wamp\apps\yii\web\CBaseController.php(126): require('C:\\wamp\\www\\eme...')
#14 C:\wamp\apps\yii\web\CBaseController.php(95): CBaseController->renderInternal('C:\\wamp\\www\\eme...', Array, true)
#15 C:\wamp\apps\yii\web\CController.php(784): CBaseController->renderFile('C:\\wamp\\www\\eme...', Array, true)
#16 C:\wamp\apps\yii\web\actions\CViewAction.php(140): CController->render('pages/about')
#17 C:\wamp\apps\yii\web\actions\CAction.php(76): CViewAction->run()
#18 C:\wamp\apps\yii\web\CController.php(308): CAction->runWithParams(Array)
#19 C:\wamp\apps\yii\web\CController.php(286): CController->runAction(Object(CViewAction))
#20 C:\wamp\apps\yii\web\CController.php(265): CController->runActionWithFilters(Object(CViewAction), Array)
#21 C:\wamp\apps\yii\web\CWebApplication.php(282): CController->run('page')
#22 C:\wamp\apps\yii\web\CWebApplication.php(141): CWebApplication->runController('site/page')
#23 C:\wamp\apps\yii\base\CApplication.php(169): CWebApplication->processRequest()
#24 C:\wamp\www\emergency_response\index.php(13): CApplication->run()
#25 {main}
REQUEST_URI=/emergency_response/index.php/site/page?view=about
HTTP_REFERER=http://localhost/emergency_response/index.php/site/contact
---
2015/10/28 17:11:33 [error] [php] include(MenuWidget.php): failed to open stream: No such file or directory (C:\wamp\apps\yii\YiiBase.php:421)
Stack trace:
#0 C:\wamp\apps\yii\web\CWidgetFactory.php(146): import()
#1 C:\wamp\apps\yii\web\CBaseController.php(146): CWidgetFactory->createWidget()
#2 C:\wamp\apps\yii\web\CBaseController.php(172): SiteController->createWidget()
#3 C:\wamp\www\emergency_response\themes\bootstrap\views\layouts\main.php(38): SiteController->widget()
#4 C:\wamp\apps\yii\web\CBaseController.php(126): require()
#5 C:\wamp\apps\yii\web\CBaseController.php(95): SiteController->renderInternal()
#6 C:\wamp\apps\yii\web\widgets\CContentDecorator.php(76): SiteController->renderFile()
#7 C:\wamp\apps\yii\web\widgets\CContentDecorator.php(54): CContentDecorator->decorate()
#8 C:\wamp\apps\yii\web\widgets\COutputProcessor.php(44): CContentDecorator->processOutput()
#9 C:\wamp\apps\yii\web\CBaseController.php(206): CContentDecorator->run()
#10 C:\wamp\apps\yii\web\CBaseController.php(300): SiteController->endWidget()
#11 C:\wamp\www\emergency_response\protected\views\layouts\column1.php(6): SiteController->endContent()
#12 C:\wamp\apps\yii\web\CBaseController.php(126): require()
#13 C:\wamp\apps\yii\web\CBaseController.php(95): SiteController->renderInternal()
#14 C:\wamp\apps\yii\web\CController.php(784): SiteController->renderFile()
#15 C:\wamp\www\emergency_response\protected\controllers\SiteController.php(32): SiteController->render()
#16 C:\wamp\apps\yii\web\actions\CInlineAction.php(49): SiteController->actionIndex()
#17 C:\wamp\apps\yii\web\CController.php(308): CInlineAction->runWithParams()
#18 C:\wamp\apps\yii\web\CController.php(286): SiteController->runAction()
#19 C:\wamp\apps\yii\web\CController.php(265): SiteController->runActionWithFilters()
#20 C:\wamp\apps\yii\web\CWebApplication.php(282): SiteController->run()
#21 C:\wamp\apps\yii\web\CWebApplication.php(141): CWebApplication->runController()
#22 C:\wamp\apps\yii\base\CApplication.php(169): CWebApplication->processRequest()
#23 C:\wamp\www\emergency_response\index.php(13): CWebApplication->run()
REQUEST_URI=/emergency_response/index.php
in C:\wamp\www\emergency_response\themes\bootstrap\views\layouts\main.php (38)
in C:\wamp\www\emergency_response\protected\views\layouts\column1.php (6)
in C:\wamp\www\emergency_response\protected\controllers\SiteController.php (32)
2015/10/28 20:10:27 [error] [exception.CHttpException.404] exception 'CHttpException' with message 'Unable to resolve the request "event.php".' in C:\wamp\apps\yii\web\CWebApplication.php:286
Stack trace:
#0 C:\wamp\apps\yii\web\CWebApplication.php(141): CWebApplication->runController('event.php')
#1 C:\wamp\apps\yii\base\CApplication.php(169): CWebApplication->processRequest()
#2 C:\wamp\www\emergency_response\index.php(13): CApplication->run()
#3 {main}
REQUEST_URI=/emergency_response/index.php/event.php
---
